Using pre-set license
Built from '2020.3/staging' branch; Version is '2020.3.26f1 (7298b473bc1a) revision 7510196'; Using compiler version '192528614'; Build Type 'Release'
OS: 'Windows 10  (10.0.19043) 64bit Core' Language: 'fr' Physical Memory: 7969 MB
BatchMode: 1, IsHumanControllingUs: 0, StartBugReporterOnCrash: 0, Is64bit: 1, IsPro: 0

COMMAND LINE ARGUMENTS:
C:\Program Files\Unity\Hub\Editor\2020.3.26f1\Editor\Unity.exe
-adb2
-batchMode
-noUpm
-name
AssetImportWorker0
-projectPath
C:/Users/killi/Documents/GitHub/perdu-express-CGJ/Perdu Express CGJ
-logFile
Logs/AssetImportWorker0.log
-srvPort
53668
Successfully changed project path to: C:/Users/killi/Documents/GitHub/perdu-express-CGJ/Perdu Express CGJ
C:/Users/killi/Documents/GitHub/perdu-express-CGJ/Perdu Express CGJ
Using Asset Import Pipeline V2.
Refreshing native plugins compatible for Editor in 78.30 ms, found 3 plugins.
Preloading 0 native plugins for Editor in 0.00 ms.
Initialize engine version: 2020.3.26f1 (7298b473bc1a)
[Subsystems] Discovering subsystems at path C:/Program Files/Unity/Hub/Editor/2020.3.26f1/Editor/Data/Resources/UnitySubsystems
[Subsystems] Discovering subsystems at path C:/Users/killi/Documents/GitHub/perdu-express-CGJ/Perdu Express CGJ/Assets
GfxDevice: creating device client; threaded=0
Direct3D:
    Version:  Direct3D 11.0 [level 11.1]
    Renderer: Intel(R) Iris(R) Plus Graphics (ID=0x8a52)
    Vendor:   
    VRAM:     3984 MB
    Driver:   26.20.100.7926
Initialize mono
Mono path[0] = 'C:/Program Files/Unity/Hub/Editor/2020.3.26f1/Editor/Data/Managed'
Mono path[1] = 'C:/Program Files/Unity/Hub/Editor/2020.3.26f1/Editor/Data/MonoBleedingEdge/lib/mono/unityjit'
Mono config path = 'C:/Program Files/Unity/Hub/Editor/2020.3.26f1/Editor/Data/MonoBleedingEdge/etc'
Using monoOptions --debugger-agent=transport=dt_socket,embedding=1,server=y,suspend=n,address=127.0.0.1:56728
Begin MonoManager ReloadAssembly
Registering precompiled unity dll's ...
Register platform support module: C:/Program Files/Unity/Hub/Editor/2020.3.26f1/Editor/Data/PlaybackEngines/WebGLSupport/UnityEditor.WebGL.Extensions.dll
Register platform support module: C:/Program Files/Unity/Hub/Editor/2020.3.26f1/Editor/Data/PlaybackEngines/WindowsStandaloneSupport/UnityEditor.WindowsStandalone.Extensions.dll
Registered in 0.001942 seconds.
Native extension for WindowsStandalone target not found
Native extension for WebGL target not found
Refreshing native plugins compatible for Editor in 50.39 ms, found 3 plugins.
Preloading 0 native plugins for Editor in 0.00 ms.
Mono: successfully reloaded assembly
- Completed reload, in  0.553 seconds
Domain Reload Profiling:
	ReloadAssembly (553ms)
		BeginReloadAssembly (54ms)
			ExecutionOrderSort (0ms)
			DisableScriptedObjects (0ms)
			BackupInstance (0ms)
			ReleaseScriptingObjects (0ms)
			CreateAndSetChildDomain (1ms)
		EndReloadAssembly (428ms)
			LoadAssemblies (53ms)
			RebuildTransferFunctionScriptingTraits (0ms)
			SetupTypeCache (144ms)
			ReleaseScriptCaches (0ms)
			RebuildScriptCaches (25ms)
			SetupLoadedEditorAssemblies (169ms)
				LogAssemblyErrors (0ms)
				InitializePlatformSupportModulesInManaged (5ms)
				SetLoadedEditorAssemblies (0ms)
				RefreshPlugins (50ms)
				BeforeProcessingInitializeOnLoad (7ms)
				ProcessInitializeOnLoadAttributes (82ms)
				ProcessInitializeOnLoadMethodAttributes (25ms)
				AfterProcessingInitializeOnLoad (0ms)
				EditorAssembliesLoaded (0ms)
			ExecutionOrderSort2 (0ms)
			AwakeInstancesAfterBackupRestoration (0ms)
Platform modules already initialized, skipping
Registering precompiled user dll's ...
Registered in 0.004288 seconds.
Begin MonoManager ReloadAssembly
Native extension for WindowsStandalone target not found
Native extension for WebGL target not found
Refreshing native plugins compatible for Editor in 69.70 ms, found 3 plugins.
Preloading 0 native plugins for Editor in 0.00 ms.
Mono: successfully reloaded assembly
- Completed reload, in  1.065 seconds
Domain Reload Profiling:
	ReloadAssembly (1065ms)
		BeginReloadAssembly (154ms)
			ExecutionOrderSort (0ms)
			DisableScriptedObjects (4ms)
			BackupInstance (0ms)
			ReleaseScriptingObjects (0ms)
			CreateAndSetChildDomain (18ms)
		EndReloadAssembly (856ms)
			LoadAssemblies (79ms)
			RebuildTransferFunctionScriptingTraits (0ms)
			SetupTypeCache (299ms)
			ReleaseScriptCaches (0ms)
			RebuildScriptCaches (40ms)
			SetupLoadedEditorAssemblies (335ms)
				LogAssemblyErrors (0ms)
				InitializePlatformSupportModulesInManaged (5ms)
				SetLoadedEditorAssemblies (0ms)
				RefreshPlugins (70ms)
				BeforeProcessingInitializeOnLoad (65ms)
				ProcessInitializeOnLoadAttributes (176ms)
				ProcessInitializeOnLoadMethodAttributes (14ms)
				AfterProcessingInitializeOnLoad (5ms)
				EditorAssembliesLoaded (0ms)
			ExecutionOrderSort2 (0ms)
			AwakeInstancesAfterBackupRestoration (5ms)
Platform modules already initialized, skipping
========================================================================
Worker process is ready to serve import requests
Launched and connected shader compiler UnityShaderCompiler.exe after 0.07 seconds
Refreshing native plugins compatible for Editor in 0.56 ms, found 3 plugins.
Preloading 0 native plugins for Editor in 0.00 ms.
Unloading 2219 Unused Serialized files (Serialized files now loaded: 0)
System memory in use before: 98.3 MB.
System memory in use after: 98.3 MB.

Unloading 28 unused Assets to reduce memory usage. Loaded Objects now: 2653.
Total: 4.496000 ms (FindLiveObjects: 0.201300 ms CreateObjectMapping: 0.105700 ms MarkObjects: 4.055500 ms  DeleteObjects: 0.131500 ms)

AssetImportParameters requested are different than current active one (requested -> active):
  custom:framework-win-MediaFoundation: 216162199b28c13a410421893ffa2e32 -> 
  custom:video-decoder-ogg-theora: a1e56fd34408186e4bbccfd4996cb3dc -> 
  custom:container-muxer-webm: aa71ff27fc2769a1b78a27578f13a17b -> 
  custom:container-demuxer-webm: 4f35f7cbe854078d1ac9338744f61a02 -> 
  custom:container-demuxer-ogg: 62fdf1f143b41e24485cea50d1cbac27 -> 
  custom:video-encoder-webm-vp8: eb34c28f22e8b96e1ab97ce403110664 -> 
  custom:video-decoder-webm-vp8: 9c59270c3fd7afecdb556c50c9e8de78 -> 
  custom:audio-decoder-ogg-vorbis: bf7c407c2cedff20999df2af8eb42d56 -> 
  custom:audio-encoder-webm-vorbis: bf7c407c2cedff20999df2af8eb42d56 -> 
========================================================================
Received Import Request.
  path: Assets/Shoes & Gems/32x32/15.png
  artifactKey: Guid(8ec5395f7c59255468892545c6ef6569) Importer(815301076,1909f56bfc062723c751e8b465ee728b)
Start importing Assets/Shoes & Gems/32x32/15.png using Guid(8ec5395f7c59255468892545c6ef6569) Importer(815301076,1909f56bfc062723c751e8b465ee728b)  -> (artifact id: '733ec95e7c51c2b56930eaa84eb81584') in 0.174446 seconds 
  Import took 0.180197 seconds .

========================================================================
Received Import Request.
  Time since last request: 0.000259 seconds.
  path: Assets/Imports/climp.png
  artifactKey: Guid(ac524349a700b4444ac29474d536724a) Importer(815301076,1909f56bfc062723c751e8b465ee728b)
Start importing Assets/Imports/climp.png using Guid(ac524349a700b4444ac29474d536724a) Importer(815301076,1909f56bfc062723c751e8b465ee728b)  -> (artifact id: 'd8bf0e1db97c5eb650fa605e9f2908b9') in 0.026115 seconds 
  Import took 0.031948 seconds .

========================================================================
Received Import Request.
  Time since last request: 0.000329 seconds.
  path: Assets/Shoes & Gems/32x32/36.png
  artifactKey: Guid(b5e1683f2e4f4224d92f724ac86c2f79) Importer(815301076,1909f56bfc062723c751e8b465ee728b)
Start importing Assets/Shoes & Gems/32x32/36.png using Guid(b5e1683f2e4f4224d92f724ac86c2f79) Importer(815301076,1909f56bfc062723c751e8b465ee728b)  -> (artifact id: '33bb1192a6e9a16022d5f4306ab10bf2') in 0.028515 seconds 
  Import took 0.034430 seconds .

========================================================================
Received Import Request.
  Time since last request: 0.000343 seconds.
  path: Assets/Shoes & Gems/32x32/1.png
  artifactKey: Guid(90a5a28c7c6c1e84db22f592a3eabc28) Importer(815301076,1909f56bfc062723c751e8b465ee728b)
Start importing Assets/Shoes & Gems/32x32/1.png using Guid(90a5a28c7c6c1e84db22f592a3eabc28) Importer(815301076,1909f56bfc062723c751e8b465ee728b)  -> (artifact id: 'f5ec87a64c78d2018f94829cace0f727') in 0.030603 seconds 
  Import took 0.037984 seconds .

========================================================================
Received Import Request.
  Time since last request: 0.000251 seconds.
  path: Assets/Shoes & Gems/32x32/11.png
  artifactKey: Guid(f537d2f26f68a044aad123f4e087e1ad) Importer(815301076,1909f56bfc062723c751e8b465ee728b)
Start importing Assets/Shoes & Gems/32x32/11.png using Guid(f537d2f26f68a044aad123f4e087e1ad) Importer(815301076,1909f56bfc062723c751e8b465ee728b)  -> (artifact id: 'dc9329c78f439ded79cf66b4c1bbe1b8') in 0.032071 seconds 
  Import took 0.037635 seconds .

========================================================================
Received Import Request.
  Time since last request: 0.000409 seconds.
  path: Assets/Shoes & Gems/32x32/4.png
  artifactKey: Guid(8f2b5827995e081428f062ff5765bce0) Importer(815301076,1909f56bfc062723c751e8b465ee728b)
Start importing Assets/Shoes & Gems/32x32/4.png using Guid(8f2b5827995e081428f062ff5765bce0) Importer(815301076,1909f56bfc062723c751e8b465ee728b)  -> (artifact id: '78ade97c1e496e864d4f38f386edd353') in 0.034133 seconds 
  Import took 0.038895 seconds .

========================================================================
Received Import Request.
  Time since last request: 0.000244 seconds.
  path: Assets/Shoes & Gems/32x32/23.psd
  artifactKey: Guid(c520fbd27a0158742b093c9fdc89de1e) Importer(815301076,1909f56bfc062723c751e8b465ee728b)
Start importing Assets/Shoes & Gems/32x32/23.psd using Guid(c520fbd27a0158742b093c9fdc89de1e) Importer(815301076,1909f56bfc062723c751e8b465ee728b)  -> (artifact id: 'de2ea1695944189796aedbac404bffa5') in 0.037068 seconds 
  Import took 0.043046 seconds .

========================================================================
Received Import Request.
  Time since last request: 0.000230 seconds.
  path: Assets/Shoes & Gems/32x32/35.png
  artifactKey: Guid(4209fcd52ae842948901506c75d49b9d) Importer(815301076,1909f56bfc062723c751e8b465ee728b)
Start importing Assets/Shoes & Gems/32x32/35.png using Guid(4209fcd52ae842948901506c75d49b9d) Importer(815301076,1909f56bfc062723c751e8b465ee728b)  -> (artifact id: '29ee64fa2c8cbb12902fba5e84b6b0d6') in 0.032003 seconds 
  Import took 0.037069 seconds .

========================================================================
Received Import Request.
  Time since last request: 0.000275 seconds.
  path: Assets/Shoes & Gems/32x32/25.psd
  artifactKey: Guid(72b30119e3622534aa314812e9cd47bd) Importer(815301076,1909f56bfc062723c751e8b465ee728b)
Start importing Assets/Shoes & Gems/32x32/25.psd using Guid(72b30119e3622534aa314812e9cd47bd) Importer(815301076,1909f56bfc062723c751e8b465ee728b)  -> (artifact id: 'f0c36087d1ad885ae3a6329295a41a47') in 0.035782 seconds 
  Import took 0.042730 seconds .

========================================================================
Received Import Request.
  Time since last request: 0.000264 seconds.
  path: Assets/Shoes & Gems/32x32/2.psd
  artifactKey: Guid(39e61b3209d11f24eafe38dced33f299) Importer(815301076,1909f56bfc062723c751e8b465ee728b)
Start importing Assets/Shoes & Gems/32x32/2.psd using Guid(39e61b3209d11f24eafe38dced33f299) Importer(815301076,1909f56bfc062723c751e8b465ee728b)  -> (artifact id: 'b5db8d83369814a36941bafefbf0dd6d') in 0.033225 seconds 
  Import took 0.040217 seconds .

========================================================================
Received Import Request.
  Time since last request: 0.000383 seconds.
  path: Assets/Shoes & Gems/32x32/8.png
  artifactKey: Guid(06e7c38e478d12d49beaf5f9f361b244) Importer(815301076,1909f56bfc062723c751e8b465ee728b)
Start importing Assets/Shoes & Gems/32x32/8.png using Guid(06e7c38e478d12d49beaf5f9f361b244) Importer(815301076,1909f56bfc062723c751e8b465ee728b)  -> (artifact id: '295ce28a0c25b137dc468da3464511dd') in 0.037505 seconds 
  Import took 0.044014 seconds .

========================================================================
Received Import Request.
  Time since last request: 0.000287 seconds.
  path: Assets/herochar sprites(new)/herochar_run_anim_strip_6.png
  artifactKey: Guid(fc7b041e78678294cb71b569ef61f49d) Importer(815301076,1909f56bfc062723c751e8b465ee728b)
Start importing Assets/herochar sprites(new)/herochar_run_anim_strip_6.png using Guid(fc7b041e78678294cb71b569ef61f49d) Importer(815301076,1909f56bfc062723c751e8b465ee728b)  -> (artifact id: '75f03b03de16aa9b6c6bf51526bc9b75') in 0.050515 seconds 
  Import took 0.055126 seconds .

========================================================================
Received Import Request.
  Time since last request: 0.000235 seconds.
  path: Assets/Shoes & Gems/32x32/2.png
  artifactKey: Guid(4970c00415a2bc3499de112fbe6dc7b8) Importer(815301076,1909f56bfc062723c751e8b465ee728b)
Start importing Assets/Shoes & Gems/32x32/2.png using Guid(4970c00415a2bc3499de112fbe6dc7b8) Importer(815301076,1909f56bfc062723c751e8b465ee728b)  -> (artifact id: '190033f3c8043e23246fd8cf3ee6882f') in 0.034342 seconds 
  Import took 0.039741 seconds .

========================================================================
Received Import Request.
  Time since last request: 0.000291 seconds.
  path: Assets/Shoes & Gems/32x32/31.png
  artifactKey: Guid(780ad26efda3a0447ab0de73be4a4c93) Importer(815301076,1909f56bfc062723c751e8b465ee728b)
Start importing Assets/Shoes & Gems/32x32/31.png using Guid(780ad26efda3a0447ab0de73be4a4c93) Importer(815301076,1909f56bfc062723c751e8b465ee728b)  -> (artifact id: '970d8390172169d0ea5e31ee63401e9d') in 0.031688 seconds 
  Import took 0.038697 seconds .

========================================================================
Received Import Request.
  Time since last request: 0.000396 seconds.
  path: Assets/Shoes & Gems/32x32/33.png
  artifactKey: Guid(bafb0bca8b976fe43b07e4fb6cf12ca2) Importer(815301076,1909f56bfc062723c751e8b465ee728b)
Start importing Assets/Shoes & Gems/32x32/33.png using Guid(bafb0bca8b976fe43b07e4fb6cf12ca2) Importer(815301076,1909f56bfc062723c751e8b465ee728b)  -> (artifact id: '038cabbffdeb5117aa5a6a1089e01be2') in 0.029525 seconds 
  Import took 0.035651 seconds .

========================================================================
Received Import Request.
  Time since last request: 0.000278 seconds.
  path: Assets/Rocky Roads/lava.png
  artifactKey: Guid(926fed5f341de7d4795fb9be95819357) Importer(815301076,1909f56bfc062723c751e8b465ee728b)
Start importing Assets/Rocky Roads/lava.png using Guid(926fed5f341de7d4795fb9be95819357) Importer(815301076,1909f56bfc062723c751e8b465ee728b)  -> (artifact id: 'bb518aaeb4fe0a9bd65c5a8de3a31604') in 0.226996 seconds 
  Import took 0.235343 seconds .

========================================================================
Received Import Request.
  Time since last request: 0.000217 seconds.
  path: Assets/Shoes & Gems/32x32/21.png
  artifactKey: Guid(86f7f7cf4fb224547b7a928e161ab90d) Importer(815301076,1909f56bfc062723c751e8b465ee728b)
Start importing Assets/Shoes & Gems/32x32/21.png using Guid(86f7f7cf4fb224547b7a928e161ab90d) Importer(815301076,1909f56bfc062723c751e8b465ee728b)  -> (artifact id: 'afe761e2f5913cc32c8af8e12902a4fc') in 0.031006 seconds 
  Import took 0.036719 seconds .

========================================================================
Received Import Request.
  Time since last request: 0.000287 seconds.
  path: Assets/Shoes & Gems/32x32/4.psd
  artifactKey: Guid(77b07029bed4ebe47b274f99954bfeb7) Importer(815301076,1909f56bfc062723c751e8b465ee728b)
Start importing Assets/Shoes & Gems/32x32/4.psd using Guid(77b07029bed4ebe47b274f99954bfeb7) Importer(815301076,1909f56bfc062723c751e8b465ee728b)  -> (artifact id: '25b878353feb69a410c6b7f75c684919') in 0.026931 seconds 
  Import took 0.033527 seconds .

========================================================================
Received Import Request.
  Time since last request: 0.000307 seconds.
  path: Assets/Shoes & Gems/32x32/12.psd
  artifactKey: Guid(8a557f65f3d63194dbe3d96e0a66535a) Importer(815301076,1909f56bfc062723c751e8b465ee728b)
Start importing Assets/Shoes & Gems/32x32/12.psd using Guid(8a557f65f3d63194dbe3d96e0a66535a) Importer(815301076,1909f56bfc062723c751e8b465ee728b)  -> (artifact id: 'e81d3c4e68dd5c57f26eca8226667bc1') in 0.029070 seconds 
  Import took 0.035648 seconds .

========================================================================
Received Import Request.
  Time since last request: 0.000346 seconds.
  path: Assets/Shoes & Gems/gems_db16.png
  artifactKey: Guid(8bb252a10faac804595f6eac14e68566) Importer(815301076,1909f56bfc062723c751e8b465ee728b)
Start importing Assets/Shoes & Gems/gems_db16.png using Guid(8bb252a10faac804595f6eac14e68566) Importer(815301076,1909f56bfc062723c751e8b465ee728b)  -> (artifact id: 'f67b77b1fc0fef9094f08f265b2f8cea') in 0.048725 seconds 
  Import took 0.054987 seconds .

========================================================================
Received Import Request.
  Time since last request: 0.000268 seconds.
  path: Assets/Shoes & Gems/32x32/26.png
  artifactKey: Guid(b3c322fa6192af74e8c17d77c2c83ea3) Importer(815301076,1909f56bfc062723c751e8b465ee728b)
Start importing Assets/Shoes & Gems/32x32/26.png using Guid(b3c322fa6192af74e8c17d77c2c83ea3) Importer(815301076,1909f56bfc062723c751e8b465ee728b)  -> (artifact id: '158d24679b392178c53ccd38d527eec5') in 0.027650 seconds 
  Import took 0.035344 seconds .

========================================================================
Received Import Request.
  Time since last request: 0.000325 seconds.
  path: Assets/Shoes & Gems/32x32/16.psd
  artifactKey: Guid(18d35f05a88d97740b6c63468ed17fdd) Importer(815301076,1909f56bfc062723c751e8b465ee728b)
Start importing Assets/Shoes & Gems/32x32/16.psd using Guid(18d35f05a88d97740b6c63468ed17fdd) Importer(815301076,1909f56bfc062723c751e8b465ee728b)  -> (artifact id: '7d26c125fd903d6b2d06728ed62523f3') in 0.032849 seconds 
  Import took 0.039997 seconds .

========================================================================
Received Import Request.
  Time since last request: 0.000226 seconds.
  path: Assets/Shoes & Gems/32x32/7.png
  artifactKey: Guid(ae64164587c1ebf4d82ec39b05b6ad34) Importer(815301076,1909f56bfc062723c751e8b465ee728b)
Start importing Assets/Shoes & Gems/32x32/7.png using Guid(ae64164587c1ebf4d82ec39b05b6ad34) Importer(815301076,1909f56bfc062723c751e8b465ee728b)  -> (artifact id: 'f225cd48cbabe5712c7138c550cdb180') in 0.030521 seconds 
  Import took 0.036197 seconds .

========================================================================
Received Import Request.
  Time since last request: 0.000307 seconds.
  path: Assets/Shoes & Gems/32x32/13.psd
  artifactKey: Guid(f1a712a4e92d1f04f889cd3b3580be41) Importer(815301076,1909f56bfc062723c751e8b465ee728b)
Start importing Assets/Shoes & Gems/32x32/13.psd using Guid(f1a712a4e92d1f04f889cd3b3580be41) Importer(815301076,1909f56bfc062723c751e8b465ee728b)  -> (artifact id: '284be3b133bf1d329004fa9906a674db') in 0.030616 seconds 
  Import took 0.036057 seconds .

========================================================================
Received Import Request.
  Time since last request: 0.000282 seconds.
  path: Assets/Shoes & Gems/32x32/31.psd
  artifactKey: Guid(3304c093a4c5aaf46b9bc1365da2f436) Importer(815301076,1909f56bfc062723c751e8b465ee728b)
Start importing Assets/Shoes & Gems/32x32/31.psd using Guid(3304c093a4c5aaf46b9bc1365da2f436) Importer(815301076,1909f56bfc062723c751e8b465ee728b)  -> (artifact id: '3fccb02cff627e56b4e5c7171ccdf5cc') in 0.031221 seconds 
  Import took 0.037370 seconds .

========================================================================
Received Import Request.
  Time since last request: 0.000319 seconds.
  path: Assets/Shoes & Gems/32x32/6.png
  artifactKey: Guid(d1c1071f559140c4ba0e1660c70ee663) Importer(815301076,1909f56bfc062723c751e8b465ee728b)
Start importing Assets/Shoes & Gems/32x32/6.png using Guid(d1c1071f559140c4ba0e1660c70ee663) Importer(815301076,1909f56bfc062723c751e8b465ee728b)  -> (artifact id: '924b912567d25f0b4771da500b419069') in 0.032385 seconds 
  Import took 0.040275 seconds .

========================================================================
Received Import Request.
  Time since last request: 0.000315 seconds.
  path: Assets/Shoes & Gems/32x32/24.psd
  artifactKey: Guid(5747143b09c3fda43871593c217351f0) Importer(815301076,1909f56bfc062723c751e8b465ee728b)
Start importing Assets/Shoes & Gems/32x32/24.psd using Guid(5747143b09c3fda43871593c217351f0) Importer(815301076,1909f56bfc062723c751e8b465ee728b)  -> (artifact id: '5d999870d335eeee7023e49b0f4ab88b') in 0.028338 seconds 
  Import took 0.034994 seconds .

========================================================================
Received Import Request.
  Time since last request: 0.000278 seconds.
  path: Assets/Shoes & Gems/32x32/33.psd
  artifactKey: Guid(3511443ef6ac8a04699c5f26f99d21e4) Importer(815301076,1909f56bfc062723c751e8b465ee728b)
Start importing Assets/Shoes & Gems/32x32/33.psd using Guid(3511443ef6ac8a04699c5f26f99d21e4) Importer(815301076,1909f56bfc062723c751e8b465ee728b)  -> (artifact id: '28e8f65e9ac5f25c4180cec610e50bb8') in 0.027738 seconds 
  Import took 0.033025 seconds .

========================================================================
Received Import Request.
  Time since last request: 0.000318 seconds.
  path: Assets/Shoes & Gems/32x32/13.png
  artifactKey: Guid(1f069bd4b8829c5478846bfc1d27fe69) Importer(815301076,1909f56bfc062723c751e8b465ee728b)
Start importing Assets/Shoes & Gems/32x32/13.png using Guid(1f069bd4b8829c5478846bfc1d27fe69) Importer(815301076,1909f56bfc062723c751e8b465ee728b)  -> (artifact id: 'da16c462f47109ab606c7dd5e4ad3566') in 0.029996 seconds 
  Import took 0.035483 seconds .

========================================================================
Received Import Request.
  Time since last request: 0.000228 seconds.
  path: Assets/Shoes & Gems/32x32/22.png
  artifactKey: Guid(7a28401e73f23674d82a59b5c5298db1) Importer(815301076,1909f56bfc062723c751e8b465ee728b)
Start importing Assets/Shoes & Gems/32x32/22.png using Guid(7a28401e73f23674d82a59b5c5298db1) Importer(815301076,1909f56bfc062723c751e8b465ee728b)  -> (artifact id: 'dea9329de39b57912725ea0615be1b77') in 0.032491 seconds 
  Import took 0.037787 seconds .

========================================================================
Received Import Request.
  Time since last request: 0.000893 seconds.
  path: Assets/Shoes & Gems/32x32/26.psd
  artifactKey: Guid(de9a0215df182f04ab4f29701b11c7b9) Importer(815301076,1909f56bfc062723c751e8b465ee728b)
Start importing Assets/Shoes & Gems/32x32/26.psd using Guid(de9a0215df182f04ab4f29701b11c7b9) Importer(815301076,1909f56bfc062723c751e8b465ee728b)  -> (artifact id: '12f986a00d94724c9d7ff7370f28ba51') in 0.027154 seconds 
  Import took 0.033747 seconds .

========================================================================
Received Import Request.
  Time since last request: 0.000271 seconds.
  path: Assets/Shoes & Gems/32x32/28.png
  artifactKey: Guid(4c6857d17f8de4e4893b49b478ac88d5) Importer(815301076,1909f56bfc062723c751e8b465ee728b)
Start importing Assets/Shoes & Gems/32x32/28.png using Guid(4c6857d17f8de4e4893b49b478ac88d5) Importer(815301076,1909f56bfc062723c751e8b465ee728b)  -> (artifact id: '7084466de4544f12637a160d223292f1') in 0.030323 seconds 
  Import took 0.037069 seconds .

========================================================================
Received Import Request.
  Time since last request: 0.000415 seconds.
  path: Assets/Shoes & Gems/32x32/18.psd
  artifactKey: Guid(3658c7ad94b885d4783df821e22bcac3) Importer(815301076,1909f56bfc062723c751e8b465ee728b)
Start importing Assets/Shoes & Gems/32x32/18.psd using Guid(3658c7ad94b885d4783df821e22bcac3) Importer(815301076,1909f56bfc062723c751e8b465ee728b)  -> (artifact id: 'ed4f4e43b39500e96e51317cad90e337') in 0.029111 seconds 
  Import took 0.035964 seconds .

========================================================================
Received Import Request.
  Time since last request: 0.000802 seconds.
  path: Assets/Shoes & Gems/32x32/19.psd
  artifactKey: Guid(662cf0a840e4dbb479f4cc0ef5f12c88) Importer(815301076,1909f56bfc062723c751e8b465ee728b)
Start importing Assets/Shoes & Gems/32x32/19.psd using Guid(662cf0a840e4dbb479f4cc0ef5f12c88) Importer(815301076,1909f56bfc062723c751e8b465ee728b)  -> (artifact id: 'f85b74e1e0b4d24ca66c2bd52af1ebf1') in 0.029827 seconds 
  Import took 0.035381 seconds .

========================================================================
Received Import Request.
  Time since last request: 0.000247 seconds.
  path: Assets/Shoes & Gems/32x32/32.png
  artifactKey: Guid(9fa886f99f795734e85b94261b768d79) Importer(815301076,1909f56bfc062723c751e8b465ee728b)
Start importing Assets/Shoes & Gems/32x32/32.png using Guid(9fa886f99f795734e85b94261b768d79) Importer(815301076,1909f56bfc062723c751e8b465ee728b)  -> (artifact id: '0dc2d08599d2cbedb1451603c09d7653') in 0.029607 seconds 
  Import took 0.036341 seconds .

========================================================================
Received Import Request.
  Time since last request: 0.000341 seconds.
  path: Assets/Shoes & Gems/32x32/29.png
  artifactKey: Guid(2f85e1bd8f0f9fb44885f8e7ad83c0d8) Importer(815301076,1909f56bfc062723c751e8b465ee728b)
Start importing Assets/Shoes & Gems/32x32/29.png using Guid(2f85e1bd8f0f9fb44885f8e7ad83c0d8) Importer(815301076,1909f56bfc062723c751e8b465ee728b)  -> (artifact id: '68ff780601ed02f2f3aab7ca0f698d93') in 0.029221 seconds 
  Import took 0.037754 seconds .

========================================================================
Received Import Request.
  Time since last request: 0.000263 seconds.
  path: Assets/Shoes & Gems/32x32/1.psd
  artifactKey: Guid(ee671b41c86d4eb46a59eb2b1e7da682) Importer(815301076,1909f56bfc062723c751e8b465ee728b)
Start importing Assets/Shoes & Gems/32x32/1.psd using Guid(ee671b41c86d4eb46a59eb2b1e7da682) Importer(815301076,1909f56bfc062723c751e8b465ee728b)  -> (artifact id: '055d0304ac617b2c6ade334d53299689') in 0.026476 seconds 
  Import took 0.033283 seconds .

========================================================================
Received Import Request.
  Time since last request: 0.000334 seconds.
  path: Assets/Shoes & Gems/32x32/23.png
  artifactKey: Guid(0bfd9af71e4db184abd403173b220803) Importer(815301076,1909f56bfc062723c751e8b465ee728b)
Start importing Assets/Shoes & Gems/32x32/23.png using Guid(0bfd9af71e4db184abd403173b220803) Importer(815301076,1909f56bfc062723c751e8b465ee728b)  -> (artifact id: '21284376bc86ba8f537dc39108c10479') in 0.030541 seconds 
  Import took 0.035814 seconds .

========================================================================
Received Import Request.
  Time since last request: 0.000293 seconds.
  path: Assets/Shoes & Gems/32x32/17.psd
  artifactKey: Guid(292e6e47e963c3f419fd0ec36c130846) Importer(815301076,1909f56bfc062723c751e8b465ee728b)
Start importing Assets/Shoes & Gems/32x32/17.psd using Guid(292e6e47e963c3f419fd0ec36c130846) Importer(815301076,1909f56bfc062723c751e8b465ee728b)  -> (artifact id: '87c74b8784d94a369ae634c6c7eba264') in 0.031083 seconds 
  Import took 0.036948 seconds .

========================================================================
Received Import Request.
  Time since last request: 0.000275 seconds.
  path: Assets/Shoes & Gems/32x32/32.psd
  artifactKey: Guid(e12fa175fc92a724ca4a5e2e11ca74a0) Importer(815301076,1909f56bfc062723c751e8b465ee728b)
Start importing Assets/Shoes & Gems/32x32/32.psd using Guid(e12fa175fc92a724ca4a5e2e11ca74a0) Importer(815301076,1909f56bfc062723c751e8b465ee728b)  -> (artifact id: '47a79244a180079e7dbb8c9234849a11') in 0.030578 seconds 
  Import took 0.038885 seconds .

========================================================================
Received Import Request.
  Time since last request: 0.001122 seconds.
  path: Assets/Shoes & Gems/32x32/28.psd
  artifactKey: Guid(061baca7a78054043a9f20488f0d960a) Importer(815301076,1909f56bfc062723c751e8b465ee728b)
Start importing Assets/Shoes & Gems/32x32/28.psd using Guid(061baca7a78054043a9f20488f0d960a) Importer(815301076,1909f56bfc062723c751e8b465ee728b)  -> (artifact id: '22e1211f560f556cd388eccf39f5486d') in 0.027462 seconds 
  Import took 0.035247 seconds .

========================================================================
Received Import Request.
  Time since last request: 0.000294 seconds.
  path: Assets/Shoes & Gems/32x32/20.png
  artifactKey: Guid(3e842f649b0c1654cb358517b8beaa49) Importer(815301076,1909f56bfc062723c751e8b465ee728b)
Start importing Assets/Shoes & Gems/32x32/20.png using Guid(3e842f649b0c1654cb358517b8beaa49) Importer(815301076,1909f56bfc062723c751e8b465ee728b)  -> (artifact id: '399bb76de4ae7037f508ea5f0de531f8') in 0.029568 seconds 
  Import took 0.036022 seconds .

========================================================================
Received Import Request.
  Time since last request: 0.000305 seconds.
  path: Assets/Shoes & Gems/32x32/36.psd
  artifactKey: Guid(b62147d9c6824934db6c20f79edf9b0e) Importer(815301076,1909f56bfc062723c751e8b465ee728b)
Start importing Assets/Shoes & Gems/32x32/36.psd using Guid(b62147d9c6824934db6c20f79edf9b0e) Importer(815301076,1909f56bfc062723c751e8b465ee728b)  -> (artifact id: 'f9da61ad27ab2cc971875821b5e5a94a') in 0.028244 seconds 
  Import took 0.033540 seconds .

========================================================================
Received Import Request.
  Time since last request: 0.000310 seconds.
  path: Assets/Shoes & Gems/32x32/19.png
  artifactKey: Guid(8da9e8904dcdec145983fa7ac927bf85) Importer(815301076,1909f56bfc062723c751e8b465ee728b)
Start importing Assets/Shoes & Gems/32x32/19.png using Guid(8da9e8904dcdec145983fa7ac927bf85) Importer(815301076,1909f56bfc062723c751e8b465ee728b)  -> (artifact id: '91aa2d810519f1dc1730ce4a0cadc71a') in 0.029863 seconds 
  Import took 0.034508 seconds .

========================================================================
Received Import Request.
  Time since last request: 0.000351 seconds.
  path: Assets/Shoes & Gems/32x32/21.psd
  artifactKey: Guid(efcb4099d5fc64444aeb747c52d720de) Importer(815301076,1909f56bfc062723c751e8b465ee728b)
Start importing Assets/Shoes & Gems/32x32/21.psd using Guid(efcb4099d5fc64444aeb747c52d720de) Importer(815301076,1909f56bfc062723c751e8b465ee728b)  -> (artifact id: '0e4a511c10e07eb385ee76b7cd30b10d') in 0.028859 seconds 
  Import took 0.033575 seconds .

========================================================================
Received Import Request.
  Time since last request: 0.000302 seconds.
  path: Assets/Shoes & Gems/32x32/3.psd
  artifactKey: Guid(ba812e7313c9ff448ac3580899e1dee5) Importer(815301076,1909f56bfc062723c751e8b465ee728b)
Start importing Assets/Shoes & Gems/32x32/3.psd using Guid(ba812e7313c9ff448ac3580899e1dee5) Importer(815301076,1909f56bfc062723c751e8b465ee728b)  -> (artifact id: '13869be3b4b5a277749ed1e8a7c87875') in 0.034393 seconds 
  Import took 0.043526 seconds .

========================================================================
Received Import Request.
  Time since last request: 0.000527 seconds.
  path: Assets/Rocky Roads/ladder.png
  artifactKey: Guid(79b06671e59717b47817025c8bf22bd6) Importer(815301076,1909f56bfc062723c751e8b465ee728b)
Start importing Assets/Rocky Roads/ladder.png using Guid(79b06671e59717b47817025c8bf22bd6) Importer(815301076,1909f56bfc062723c751e8b465ee728b)  -> (artifact id: '4638ebeea164a22454276787a10c9326') in 0.030871 seconds 
  Import took 0.036547 seconds .

========================================================================
Received Import Request.
  Time since last request: 0.000352 seconds.
  path: Assets/Shoes & Gems/32x32/14.png
  artifactKey: Guid(f798f796f41c944429052f7a430975f3) Importer(815301076,1909f56bfc062723c751e8b465ee728b)
Start importing Assets/Shoes & Gems/32x32/14.png using Guid(f798f796f41c944429052f7a430975f3) Importer(815301076,1909f56bfc062723c751e8b465ee728b)  -> (artifact id: 'b744e93481f2d5ec857cfa326dfb368a') in 0.028914 seconds 
  Import took 0.035731 seconds .

========================================================================
Received Import Request.
  Time since last request: 0.000316 seconds.
  path: Assets/Shoes & Gems/32x32/9.psd
  artifactKey: Guid(71ff6e388ec955e4a9185261bae2aac5) Importer(815301076,1909f56bfc062723c751e8b465ee728b)
Start importing Assets/Shoes & Gems/32x32/9.psd using Guid(71ff6e388ec955e4a9185261bae2aac5) Importer(815301076,1909f56bfc062723c751e8b465ee728b)  -> (artifact id: 'f0c24f2673b088a427bf9bc64bf73391') in 0.031823 seconds 
  Import took 0.036789 seconds .

========================================================================
Received Import Request.
  Time since last request: 0.000337 seconds.
  path: Assets/Shoes & Gems/32x32/8.psd
  artifactKey: Guid(5ce2ad3cdd9a0ce45a85635a6b3b692b) Importer(815301076,1909f56bfc062723c751e8b465ee728b)
Start importing Assets/Shoes & Gems/32x32/8.psd using Guid(5ce2ad3cdd9a0ce45a85635a6b3b692b) Importer(815301076,1909f56bfc062723c751e8b465ee728b)  -> (artifact id: '121c454b0a36a4504bd90689acde7fe1') in 0.028687 seconds 
  Import took 0.038077 seconds .

========================================================================
Received Import Request.
  Time since last request: 0.000306 seconds.
  path: Assets/Shoes & Gems/32x32/10.psd
  artifactKey: Guid(fd966975fd9898b44a18a9db3ffa10ef) Importer(815301076,1909f56bfc062723c751e8b465ee728b)
Start importing Assets/Shoes & Gems/32x32/10.psd using Guid(fd966975fd9898b44a18a9db3ffa10ef) Importer(815301076,1909f56bfc062723c751e8b465ee728b)  -> (artifact id: '6407b9bac79dff24a9ada0493886cc3e') in 0.029906 seconds 
  Import took 0.035426 seconds .

========================================================================
Received Import Request.
  Time since last request: 0.000916 seconds.
  path: Assets/Shoes & Gems/32x32/10.png
  artifactKey: Guid(f0e8428de5bc9964fb484890e9ca4486) Importer(815301076,1909f56bfc062723c751e8b465ee728b)
Start importing Assets/Shoes & Gems/32x32/10.png using Guid(f0e8428de5bc9964fb484890e9ca4486) Importer(815301076,1909f56bfc062723c751e8b465ee728b)  -> (artifact id: '7e3d0128aa95a6a888661cababafbb17') in 0.027724 seconds 
  Import took 0.034221 seconds .

========================================================================
Received Import Request.
  Time since last request: 0.000317 seconds.
  path: Assets/Shoes & Gems/32x32/12.png
  artifactKey: Guid(174b0ca380032694cb1d6952ae74011e) Importer(815301076,1909f56bfc062723c751e8b465ee728b)
Start importing Assets/Shoes & Gems/32x32/12.png using Guid(174b0ca380032694cb1d6952ae74011e) Importer(815301076,1909f56bfc062723c751e8b465ee728b)  -> (artifact id: '5344e17bde79a1d9c526b2a3e94b5334') in 0.029556 seconds 
  Import took 0.035140 seconds .

========================================================================
Received Import Request.
  Time since last request: 0.000304 seconds.
  path: Assets/Shoes & Gems/32x32/30.png
  artifactKey: Guid(0727a94ae742b7b41970c4499016408f) Importer(815301076,1909f56bfc062723c751e8b465ee728b)
Start importing Assets/Shoes & Gems/32x32/30.png using Guid(0727a94ae742b7b41970c4499016408f) Importer(815301076,1909f56bfc062723c751e8b465ee728b)  -> (artifact id: 'cca272802622c156908ec92048fcf2fc') in 0.031089 seconds 
  Import took 0.035372 seconds .

========================================================================
Received Import Request.
  Time since last request: 0.000404 seconds.
  path: Assets/Shoes & Gems/32x32/22.psd
  artifactKey: Guid(e21bec5a442a7a148a512d777667bbd5) Importer(815301076,1909f56bfc062723c751e8b465ee728b)
Start importing Assets/Shoes & Gems/32x32/22.psd using Guid(e21bec5a442a7a148a512d777667bbd5) Importer(815301076,1909f56bfc062723c751e8b465ee728b)  -> (artifact id: 'e7914921756fd2b79fc93db9c707ead2') in 0.034864 seconds 
  Import took 0.041814 seconds .

========================================================================
Received Import Request.
  Time since last request: 0.000257 seconds.
  path: Assets/Shoes & Gems/32x32/6.psd
  artifactKey: Guid(d0f76fa134ea16f4d98edfd0a2fa181f) Importer(815301076,1909f56bfc062723c751e8b465ee728b)
Start importing Assets/Shoes & Gems/32x32/6.psd using Guid(d0f76fa134ea16f4d98edfd0a2fa181f) Importer(815301076,1909f56bfc062723c751e8b465ee728b)  -> (artifact id: '473cbc1ef3e6e6bec72c8aad95bf198e') in 0.027403 seconds 
  Import took 0.033205 seconds .

========================================================================
Received Import Request.
  Time since last request: 0.000798 seconds.
  path: Assets/Shoes & Gems/32x32/24.png
  artifactKey: Guid(2f165a3680c6ed440822e3d9d1eb1928) Importer(815301076,1909f56bfc062723c751e8b465ee728b)
Start importing Assets/Shoes & Gems/32x32/24.png using Guid(2f165a3680c6ed440822e3d9d1eb1928) Importer(815301076,1909f56bfc062723c751e8b465ee728b)  -> (artifact id: '758a2c4a12d778e5cec3ba7a271938b6') in 0.026448 seconds 
  Import took 0.032214 seconds .

========================================================================
Received Import Request.
  Time since last request: 0.000288 seconds.
  path: Assets/Shoes & Gems/32x32/34.png
  artifactKey: Guid(1c177d7373c74ff49a74c62c2ab2504b) Importer(815301076,1909f56bfc062723c751e8b465ee728b)
Start importing Assets/Shoes & Gems/32x32/34.png using Guid(1c177d7373c74ff49a74c62c2ab2504b) Importer(815301076,1909f56bfc062723c751e8b465ee728b)  -> (artifact id: '401cd7c472e080bc386edefd0a919b6c') in 0.029974 seconds 
  Import took 0.035758 seconds .

========================================================================
Received Import Request.
  Time since last request: 0.000251 seconds.
  path: Assets/Shoes & Gems/32x32/14.psd
  artifactKey: Guid(c22aad0d23946964e8ad5e85f8e4f458) Importer(815301076,1909f56bfc062723c751e8b465ee728b)
Start importing Assets/Shoes & Gems/32x32/14.psd using Guid(c22aad0d23946964e8ad5e85f8e4f458) Importer(815301076,1909f56bfc062723c751e8b465ee728b)  -> (artifact id: '485eb954e6b0a98baf1c9798df75bb42') in 0.029118 seconds 
  Import took 0.034018 seconds .

========================================================================
Received Import Request.
  Time since last request: 0.000233 seconds.
  path: Assets/Shoes & Gems/32x32/9.png
  artifactKey: Guid(8035a14c5153c494086acf41fb717cfe) Importer(815301076,1909f56bfc062723c751e8b465ee728b)
Start importing Assets/Shoes & Gems/32x32/9.png using Guid(8035a14c5153c494086acf41fb717cfe) Importer(815301076,1909f56bfc062723c751e8b465ee728b)  -> (artifact id: '5c6f7320f17236d2fb7cf576e53f81a1') in 0.030157 seconds 
  Import took 0.036025 seconds .

========================================================================
Received Import Request.
  Time since last request: 0.000407 seconds.
  path: Assets/TextMesh Pro/Sprites/EmojiOne.png
  artifactKey: Guid(dffef66376be4fa480fb02b19edbe903) Importer(815301076,1909f56bfc062723c751e8b465ee728b)
Start importing Assets/TextMesh Pro/Sprites/EmojiOne.png using Guid(dffef66376be4fa480fb02b19edbe903) Importer(815301076,1909f56bfc062723c751e8b465ee728b)  -> (artifact id: '15770c780ebad2127a7dba05b3837a4c') in 0.019638 seconds 
  Import took 0.025219 seconds .

========================================================================
Received Import Request.
  Time since last request: 0.000301 seconds.
  path: Assets/herochar sprites(new)/herochar_jump_down_anim_strip_3.png
  artifactKey: Guid(13bb8bfdc20453a4e8648ff0a715e9da) Importer(815301076,1909f56bfc062723c751e8b465ee728b)
Start importing Assets/herochar sprites(new)/herochar_jump_down_anim_strip_3.png using Guid(13bb8bfdc20453a4e8648ff0a715e9da) Importer(815301076,1909f56bfc062723c751e8b465ee728b)  -> (artifact id: '249417a241eb9a3310f9b4474f252b1d') in 0.036837 seconds 
  Import took 0.043158 seconds .

========================================================================
Received Import Request.
  Time since last request: 0.000547 seconds.
  path: Assets/Shoes & Gems/32x32/37.png
  artifactKey: Guid(f4b5930f7136d144eaef4fe4d8ed687e) Importer(815301076,1909f56bfc062723c751e8b465ee728b)
Start importing Assets/Shoes & Gems/32x32/37.png using Guid(f4b5930f7136d144eaef4fe4d8ed687e) Importer(815301076,1909f56bfc062723c751e8b465ee728b)  -> (artifact id: '238e9aad7e9f5559c18d8e79e0837b2a') in 0.031222 seconds 
  Import took 0.036731 seconds .

========================================================================
Received Import Request.
  Time since last request: 0.000298 seconds.
  path: Assets/Shoes & Gems/32x32/37.psd
  artifactKey: Guid(05942e3e710200c4ca57c005cb40e606) Importer(815301076,1909f56bfc062723c751e8b465ee728b)
Start importing Assets/Shoes & Gems/32x32/37.psd using Guid(05942e3e710200c4ca57c005cb40e606) Importer(815301076,1909f56bfc062723c751e8b465ee728b)  -> (artifact id: '3021a83cb1f6b601fdeb113a8097730f') in 0.029260 seconds 
  Import took 0.034288 seconds .

========================================================================
Received Import Request.
  Time since last request: 0.000323 seconds.
  path: Assets/Shoes & Gems/32x32/16.png
  artifactKey: Guid(84e955a478df5cd44b4fa0054cb07409) Importer(815301076,1909f56bfc062723c751e8b465ee728b)
Start importing Assets/Shoes & Gems/32x32/16.png using Guid(84e955a478df5cd44b4fa0054cb07409) Importer(815301076,1909f56bfc062723c751e8b465ee728b)  -> (artifact id: 'd199565b03bd032ce82a0ef617b1f406') in 0.031863 seconds 
  Import took 0.036684 seconds .

========================================================================
Received Import Request.
  Time since last request: 0.000246 seconds.
  path: Assets/Shoes & Gems/32x32/35.psd
  artifactKey: Guid(79f45037421902245a72018ccb001d22) Importer(815301076,1909f56bfc062723c751e8b465ee728b)
Start importing Assets/Shoes & Gems/32x32/35.psd using Guid(79f45037421902245a72018ccb001d22) Importer(815301076,1909f56bfc062723c751e8b465ee728b)  -> (artifact id: 'a755ad8424a43ca1b2fcd5f0edfe5533') in 0.029725 seconds 
  Import took 0.034655 seconds .

========================================================================
Received Import Request.
  Time since last request: 0.000246 seconds.
  path: Assets/Shoes & Gems/32x32/29.psd
  artifactKey: Guid(be185ce213e9c7842b9c95887791f984) Importer(815301076,1909f56bfc062723c751e8b465ee728b)
Start importing Assets/Shoes & Gems/32x32/29.psd using Guid(be185ce213e9c7842b9c95887791f984) Importer(815301076,1909f56bfc062723c751e8b465ee728b)  -> (artifact id: '7406f5d6c6bdbb73484b7ecc2dcf3862') in 0.030541 seconds 
  Import took 0.036087 seconds .

========================================================================
Received Import Request.
  Time since last request: 0.000299 seconds.
  path: Assets/Shoes & Gems/32x32/18.png
  artifactKey: Guid(1b1d37c42f2d9a84e90fc6aef9f31aaf) Importer(815301076,1909f56bfc062723c751e8b465ee728b)
Start importing Assets/Shoes & Gems/32x32/18.png using Guid(1b1d37c42f2d9a84e90fc6aef9f31aaf) Importer(815301076,1909f56bfc062723c751e8b465ee728b)  -> (artifact id: 'ce79d563c2147404af55714d17291bf2') in 0.029398 seconds 
  Import took 0.038337 seconds .

========================================================================
Received Import Request.
  Time since last request: 0.000302 seconds.
  path: Assets/Shoes & Gems/32x32/27.psd
  artifactKey: Guid(65a8860576120204290b1ee530c1576f) Importer(815301076,1909f56bfc062723c751e8b465ee728b)
Start importing Assets/Shoes & Gems/32x32/27.psd using Guid(65a8860576120204290b1ee530c1576f) Importer(815301076,1909f56bfc062723c751e8b465ee728b)  -> (artifact id: 'bef6666a8d604fe007bb53da0ed17a9e') in 0.030919 seconds 
  Import took 0.036398 seconds .

========================================================================
Received Import Request.
  Time since last request: 0.000337 seconds.
  path: Assets/Shoes & Gems/32x32/17.png
  artifactKey: Guid(c1fc27953951cc14d9a5fec1db01f546) Importer(815301076,1909f56bfc062723c751e8b465ee728b)
Start importing Assets/Shoes & Gems/32x32/17.png using Guid(c1fc27953951cc14d9a5fec1db01f546) Importer(815301076,1909f56bfc062723c751e8b465ee728b)  -> (artifact id: 'cb770c18e1a50656d869eeb2ef2ae895') in 0.029119 seconds 
  Import took 0.035423 seconds .

========================================================================
Received Import Request.
  Time since last request: 0.000275 seconds.
  path: Assets/Shoes & Gems/32x32/7.psd
  artifactKey: Guid(92bc9e75b47df6444822bcf4f224aa61) Importer(815301076,1909f56bfc062723c751e8b465ee728b)
Start importing Assets/Shoes & Gems/32x32/7.psd using Guid(92bc9e75b47df6444822bcf4f224aa61) Importer(815301076,1909f56bfc062723c751e8b465ee728b)  -> (artifact id: '8796fa56c3b7b3501cd0f3da038dde5b') in 0.030309 seconds 
  Import took 0.035734 seconds .

========================================================================
Received Import Request.
  Time since last request: 0.000393 seconds.
  path: Assets/Shoes & Gems/32x32/34.psd
  artifactKey: Guid(11e26c1ab009b904cb604edeb8df6f0d) Importer(815301076,1909f56bfc062723c751e8b465ee728b)
Start importing Assets/Shoes & Gems/32x32/34.psd using Guid(11e26c1ab009b904cb604edeb8df6f0d) Importer(815301076,1909f56bfc062723c751e8b465ee728b)  -> (artifact id: 'd0f19b56e032753ef7682b1931ed5ad7') in 0.028999 seconds 
  Import took 0.037407 seconds .

========================================================================
Received Import Request.
  Time since last request: 0.000362 seconds.
  path: Assets/Shoes & Gems/32x32/5.png
  artifactKey: Guid(589f62ecb8b1b3a40bbf8be9cce83735) Importer(815301076,1909f56bfc062723c751e8b465ee728b)
Start importing Assets/Shoes & Gems/32x32/5.png using Guid(589f62ecb8b1b3a40bbf8be9cce83735) Importer(815301076,1909f56bfc062723c751e8b465ee728b)  -> (artifact id: 'f6e1e6c410cf2c6edb2a89047f6d2123') in 0.032915 seconds 
  Import took 0.038161 seconds .

========================================================================
Received Import Request.
  Time since last request: 0.000274 seconds.
  path: Assets/herochar sprites(new)/herochar_idle_anim_strip_4.png
  artifactKey: Guid(a696177e3f341f640b8a0998aa588f7c) Importer(815301076,1909f56bfc062723c751e8b465ee728b)
Start importing Assets/herochar sprites(new)/herochar_idle_anim_strip_4.png using Guid(a696177e3f341f640b8a0998aa588f7c) Importer(815301076,1909f56bfc062723c751e8b465ee728b)  -> (artifact id: '12aa23a9d3c518f2a5c156070cdbb34c') in 0.040572 seconds 
  Import took 0.046356 seconds .

========================================================================
Received Import Request.
  Time since last request: 0.000331 seconds.
  path: Assets/Shoes & Gems/32x32/20.psd
  artifactKey: Guid(784992b13c532194288c4a43d6149da7) Importer(815301076,1909f56bfc062723c751e8b465ee728b)
Start importing Assets/Shoes & Gems/32x32/20.psd using Guid(784992b13c532194288c4a43d6149da7) Importer(815301076,1909f56bfc062723c751e8b465ee728b)  -> (artifact id: '81d225fafbd943677729dfb395ffbe66') in 0.028946 seconds 
  Import took 0.033870 seconds .

========================================================================
Received Import Request.
  Time since last request: 0.000349 seconds.
  path: Assets/Shoes & Gems/32x32/25.png
  artifactKey: Guid(a5befe9d07064574e97192f7f4fb3a6e) Importer(815301076,1909f56bfc062723c751e8b465ee728b)
Start importing Assets/Shoes & Gems/32x32/25.png using Guid(a5befe9d07064574e97192f7f4fb3a6e) Importer(815301076,1909f56bfc062723c751e8b465ee728b)  -> (artifact id: 'b109792df316c4538766c38fd53b8668') in 0.028656 seconds 
  Import took 0.033631 seconds .

========================================================================
Received Import Request.
  Time since last request: 0.000350 seconds.
  path: Assets/Shoes & Gems/32x32/11.psd
  artifactKey: Guid(e3a86ad3eef402349a17cd97aac8d1c4) Importer(815301076,1909f56bfc062723c751e8b465ee728b)
Start importing Assets/Shoes & Gems/32x32/11.psd using Guid(e3a86ad3eef402349a17cd97aac8d1c4) Importer(815301076,1909f56bfc062723c751e8b465ee728b)  -> (artifact id: '012932bbbabbe0f4cbb009d1254a7a88') in 0.029453 seconds 
  Import took 0.034230 seconds .

========================================================================
Received Import Request.
  Time since last request: 0.000249 seconds.
  path: Assets/Shoes & Gems/32x32/30.psd
  artifactKey: Guid(5d218ec4fa4919646a978f3843d96e93) Importer(815301076,1909f56bfc062723c751e8b465ee728b)
Start importing Assets/Shoes & Gems/32x32/30.psd using Guid(5d218ec4fa4919646a978f3843d96e93) Importer(815301076,1909f56bfc062723c751e8b465ee728b)  -> (artifact id: '10637cc5b925e944677e7557bb21e9ab') in 0.028872 seconds 
  Import took 0.033365 seconds .

========================================================================
Received Import Request.
  Time since last request: 0.000342 seconds.
  path: Assets/Shoes & Gems/32x32/3.png
  artifactKey: Guid(ffa484d9bdf31e8429475aee9e1e5d09) Importer(815301076,1909f56bfc062723c751e8b465ee728b)
Start importing Assets/Shoes & Gems/32x32/3.png using Guid(ffa484d9bdf31e8429475aee9e1e5d09) Importer(815301076,1909f56bfc062723c751e8b465ee728b)  -> (artifact id: '07239ecc80650481d5cb79311139bf19') in 0.029263 seconds 
  Import took 0.034255 seconds .

========================================================================
Received Import Request.
  Time since last request: 0.000296 seconds.
  path: Assets/Shoes & Gems/32x32/27.png
  artifactKey: Guid(17be914f734787948a39d1591fba91ff) Importer(815301076,1909f56bfc062723c751e8b465ee728b)
Start importing Assets/Shoes & Gems/32x32/27.png using Guid(17be914f734787948a39d1591fba91ff) Importer(815301076,1909f56bfc062723c751e8b465ee728b)  -> (artifact id: '11c2dff0b06d195ebb1d9dfdecec83f4') in 0.029938 seconds 
  Import took 0.035070 seconds .

========================================================================
Received Import Request.
  Time since last request: 0.000287 seconds.
  path: Assets/Shoes & Gems/32x32/5.psd
  artifactKey: Guid(def627ae905870843b9b453a031774ae) Importer(815301076,1909f56bfc062723c751e8b465ee728b)
Start importing Assets/Shoes & Gems/32x32/5.psd using Guid(def627ae905870843b9b453a031774ae) Importer(815301076,1909f56bfc062723c751e8b465ee728b)  -> (artifact id: 'c1f5cab88595f889f07f56f821cbac18') in 0.027726 seconds 
  Import took 0.033229 seconds .

========================================================================
Received Import Request.
  Time since last request: 0.000264 seconds.
  path: Assets/Shoes & Gems/32x32/15.psd
  artifactKey: Guid(a56791327c081ee4cb617f6f7d034a05) Importer(815301076,1909f56bfc062723c751e8b465ee728b)
Start importing Assets/Shoes & Gems/32x32/15.psd using Guid(a56791327c081ee4cb617f6f7d034a05) Importer(815301076,1909f56bfc062723c751e8b465ee728b)  -> (artifact id: '7dd90c97d59c8d00605992d8d6212c31') in 0.025901 seconds 
  Import took 0.032465 seconds .

========================================================================
Received Import Request.
  Time since last request: 20.738128 seconds.
  path: Assets/TextMesh Pro/Resources/Fonts & Materials/LiberationSans SDF - Fallback.asset
  artifactKey: Guid(2e498d1c8094910479dc3e1b768306a4) Importer(815301076,1909f56bfc062723c751e8b465ee728b)
Start importing Assets/TextMesh Pro/Resources/Fonts & Materials/LiberationSans SDF - Fallback.asset using Guid(2e498d1c8094910479dc3e1b768306a4) Importer(815301076,1909f56bfc062723c751e8b465ee728b)  -> (artifact id: '73c4f4f2da4d2ab57d901e0f40ae3f2f') in 0.102230 seconds 
  Import took 0.109093 seconds .

========================================================================
Received Import Request.
  Time since last request: 0.000274 seconds.
  path: Assets/TextMesh Pro/Resources/Fonts & Materials/LiberationSans SDF.asset
  artifactKey: Guid(8f586378b4e144a9851e7b34d9b748ee) Importer(815301076,1909f56bfc062723c751e8b465ee728b)
Start importing Assets/TextMesh Pro/Resources/Fonts & Materials/LiberationSans SDF.asset using Guid(8f586378b4e144a9851e7b34d9b748ee) Importer(815301076,1909f56bfc062723c751e8b465ee728b)  -> (artifact id: 'b642078fcff52d9f33da850c813c1178') in 0.077303 seconds 
  Import took 0.081011 seconds .

========================================================================
Received Import Request.
  Time since last request: 2.150616 seconds.
  path: Assets/Rocky Roads/spikes.png
  artifactKey: Guid(6482542d89308f4489f8eaed2d2724da) Importer(815301076,1909f56bfc062723c751e8b465ee728b)
Start importing Assets/Rocky Roads/spikes.png using Guid(6482542d89308f4489f8eaed2d2724da) Importer(815301076,1909f56bfc062723c751e8b465ee728b)  -> (artifact id: '412033202a24134afc1eb320408ea6e1') in 0.038716 seconds 
  Import took 0.046273 seconds .

========================================================================
Received Import Request.
  Time since last request: 1.025875 seconds.
  path: Assets/Imports/Tilemap.png
  artifactKey: Guid(e958492e5bcf0b1439a2aed715ca466a) Importer(815301076,1909f56bfc062723c751e8b465ee728b)
Start importing Assets/Imports/Tilemap.png using Guid(e958492e5bcf0b1439a2aed715ca466a) Importer(815301076,1909f56bfc062723c751e8b465ee728b)  -> (artifact id: 'd7d7c0961a58a1116f7db83825014a8e') in 0.404182 seconds 
  Import took 0.409605 seconds .

========================================================================
Received Import Request.
  Time since last request: 0.000473 seconds.
  path: Assets/Rocky Roads/tileset snow.png
  artifactKey: Guid(6f22f1de4a3171b4a9c4559635706107) Importer(815301076,1909f56bfc062723c751e8b465ee728b)
Start importing Assets/Rocky Roads/tileset snow.png using Guid(6f22f1de4a3171b4a9c4559635706107) Importer(815301076,1909f56bfc062723c751e8b465ee728b)  -> (artifact id: 'a6ece718017aa67402df6dd174267f08') in 0.109180 seconds 
  Import took 0.113995 seconds .

========================================================================
Received Import Request.
  Time since last request: 0.000190 seconds.
  path: Assets/Rocky Roads/tileset lava.png
  artifactKey: Guid(63d5132b9d5ab844faedb5e28339b332) Importer(815301076,1909f56bfc062723c751e8b465ee728b)
Start importing Assets/Rocky Roads/tileset lava.png using Guid(63d5132b9d5ab844faedb5e28339b332) Importer(815301076,1909f56bfc062723c751e8b465ee728b)  -> (artifact id: '46cce6b89c5f4c790ac7ad6333e61bc4') in 0.175467 seconds 
  Import took 0.179916 seconds .

========================================================================
Received Prepare
Refreshing native plugins compatible for Editor in 5.55 ms, found 3 plugins.
Preloading 0 native plugins for Editor in 0.00 ms.
Unloading 16 Unused Serialized files (Serialized files now loaded: 0)
System memory in use before: 57.4 MB.
System memory in use after: 57.5 MB.

Unloading 15 unused Assets to reduce memory usage. Loaded Objects now: 2709.
Total: 4.106800 ms (FindLiveObjects: 0.209700 ms CreateObjectMapping: 0.074700 ms MarkObjects: 3.800800 ms  DeleteObjects: 0.020100 ms)

AssetImportParameters requested are different than current active one (requested -> active):
  custom:framework-win-MediaFoundation: 216162199b28c13a410421893ffa2e32 -> 
  custom:video-decoder-ogg-theora: a1e56fd34408186e4bbccfd4996cb3dc -> 
  custom:container-muxer-webm: aa71ff27fc2769a1b78a27578f13a17b -> 
  custom:container-demuxer-webm: 4f35f7cbe854078d1ac9338744f61a02 -> 
  custom:container-demuxer-ogg: 62fdf1f143b41e24485cea50d1cbac27 -> 
  custom:video-encoder-webm-vp8: eb34c28f22e8b96e1ab97ce403110664 -> 
  custom:video-decoder-webm-vp8: 9c59270c3fd7afecdb556c50c9e8de78 -> 
  custom:audio-decoder-ogg-vorbis: bf7c407c2cedff20999df2af8eb42d56 -> 
  custom:audio-encoder-webm-vorbis: bf7c407c2cedff20999df2af8eb42d56 -> 
AssetImportWorkerClient::OnTransportError - code=2 error=End of file
